[07-Oct-2017 22:33:31 PRC] {
  "ip": "127.0.0.1",
  "bogon": true
}
[07-Oct-2017 22:36:20 PRC] {
  "ip": "127.0.0.1",
  "bogon": true
}
[07-Oct-2017 22:37:22 PRC] {
  "ip": "127.0.0.1",
  "bogon": true
}
[07-Oct-2017 22:48:46 PRC] {
  "ip": "127.0.0.1",
  "bogon": true
}
[07-Oct-2017 22:49:09 PRC] {
  "ip": "127.0.0.1",
  "bogon": true
}
[07-Oct-2017 22:55:52 PRC] {
  "ip": "127.0.0.1",
  "bogon": true
}
[07-Oct-2017 23:48:32 PRC] ssr::fl.digitalx.tk:1025:auth_simple:camellia-256-cfb:tls1.0_session_auth:VzFxR2J2NjdsNnBwamRL/?&remarks=Rkw=
[07-Oct-2017 23:48:32 PRC] ssr://ZmwuZGlnaXRhbHgudGs6MTAyNTphdXRoX3NpbXBsZTpjYW1lbGxpYS0yNTYtY2ZiOnRsczEuMF9zZXNzaW9uX2F1dGg6VnpGeFIySjJOamRzTm5Cd2FtUkwvPyZyZW1hcmtzPVJrdz0=|
[08-Oct-2017 10:46:36 PRC] 3.4.6
[08-Oct-2017 10:46:37 PRC] 3.4.6
[08-Oct-2017 10:46:37 PRC] 3.4.6
[08-Oct-2017 10:46:37 PRC] 3.4.6
[08-Oct-2017 10:46:37 PRC] 3.4.6
[08-Oct-2017 10:46:38 PRC] 3.4.6
[08-Oct-2017 10:46:38 PRC] 3.4.6
[08-Oct-2017 10:46:38 PRC] 3.4.6
[08-Oct-2017 10:46:38 PRC] 3.4.6
[08-Oct-2017 10:46:38 PRC] 3.4.6
[08-Oct-2017 10:46:38 PRC] 3.4.6
[08-Oct-2017 10:47:06 PRC] 轻松Google 拒绝Baidu
[08-Oct-2017 10:47:06 PRC] 轻松Google 拒绝Baidu
[08-Oct-2017 10:47:07 PRC] 轻松Google 拒绝Baidu
[08-Oct-2017 10:47:07 PRC] 轻松Google 拒绝Baidu
[08-Oct-2017 10:47:07 PRC] 轻松Google 拒绝Baidu
[08-Oct-2017 10:47:07 PRC] 轻松Google 拒绝Baidu
[08-Oct-2017 10:47:07 PRC] 轻松Google 拒绝Baidu
[08-Oct-2017 10:48:01 PRC] 轻松Google 拒绝Baidu
[08-Oct-2017 10:50:32 PRC] 轻松Google 拒绝Baidu
[08-Oct-2017 10:50:36 PRC] 轻松Google 拒绝Baidu
[08-Oct-2017 10:50:53 PRC] 轻松Google 拒绝Baidu
[08-Oct-2017 10:51:08 PRC] 轻松Google 拒绝Baidu
[08-Oct-2017 23:50:36 PRC] Slim Application Error:
Type: Error
Message: Call to undefined function App\Utils\validate_ip()
File: /Users/xie/workspace/ss-panel-daiedaie/app/Utils/ClientIP.php
Line: 103
Trace: #0 /Users/xie/workspace/ss-panel-daiedaie/app/Controllers/HomeController.php(70): App\Utils\ClientIP::getClientAddress()
#1 [internal function]: App\Controllers\HomeController->ip(Object(Slim\Http\Request), Object(Slim\Http\Response), Array)
#2 /Users/xie/workspace/ss-panel-daiedaie/vendor/slim/slim/Slim/Handlers/Strategies/RequestResponse.php(41): call_user_func(Array, Object(Slim\Http\Request), Object(Slim\Http\Response), Array)
#3 /Users/xie/workspace/ss-panel-daiedaie/vendor/slim/slim/Slim/Route.php(325): Slim\Handlers\Strategies\RequestResponse->__invoke(Array, Object(Slim\Http\Request), Object(Slim\Http\Response), Array)
#4 /Users/xie/workspace/ss-panel-daiedaie/vendor/slim/slim/Slim/MiddlewareAwareTrait.php(116): Slim\Route->__invoke(Object(Slim\Http\Request), Object(Slim\Http\Response))
#5 /Users/xie/workspace/ss-panel-daiedaie/vendor/slim/slim/Slim/Route.php(297): Slim\Route->callMiddlewareStack(Object(Slim\Http\Request), Object(Slim\Http\Response))
#6 /Users/xie/workspace/ss-panel-daiedaie/vendor/slim/slim/Slim/App.php(443): Slim\Route->run(Object(Slim\Http\Request), Object(Slim\Http\Response))
#7 /Users/xie/workspace/ss-panel-daiedaie/vendor/zeuxisoo/slim-whoops/src/Zeuxisoo/Whoops/Provider/Slim/WhoopsMiddleware.php(62): Slim\App->__invoke(Object(Slim\Http\Request), Object(Slim\Http\Response))
#8 [internal function]: Zeuxisoo\Whoops\Provider\Slim\WhoopsMiddleware->__invoke(Object(Slim\Http\Request), Object(Slim\Http\Response), Object(Slim\App))
#9 /Users/xie/workspace/ss-panel-daiedaie/vendor/slim/slim/Slim/DeferredCallable.php(37): call_user_func_array(Object(Zeuxisoo\Whoops\Provider\Slim\WhoopsMiddleware), Array)
#10 [internal function]: Slim\DeferredCallable->__invoke(Object(Slim\Http\Request), Object(Slim\Http\Response), Object(Slim\App))
#11 /Users/xie/workspace/ss-panel-daiedaie/vendor/slim/slim/Slim/MiddlewareAwareTrait.php(67): call_user_func(Object(Slim\DeferredCallable), Object(Slim\Http\Request), Object(Slim\Http\Response), Object(Slim\App))
#12 /Users/xie/workspace/ss-panel-daiedaie/vendor/slim/slim/Slim/MiddlewareAwareTrait.php(116): Slim\App->Slim\{closure}(Object(Slim\Http\Request), Object(Slim\Http\Response))
#13 /Users/xie/workspace/ss-panel-daiedaie/vendor/slim/slim/Slim/App.php(337): Slim\App->callMiddlewareStack(Object(Slim\Http\Request), Object(Slim\Http\Response))
#14 /Users/xie/workspace/ss-panel-daiedaie/vendor/slim/slim/Slim/App.php(298): Slim\App->process(Object(Slim\Http\Request), Object(Slim\Http\Response))
#15 /Users/xie/workspace/ss-panel-daiedaie/public/index.php(13): Slim\App->run()
#16 {main}
View in rendered output by enabling the "displayErrorDetails" setting.

[08-Oct-2017 23:52:30 PRC] 127.0.0.1
[08-Oct-2017 23:52:30 PRC] Slim Application Error:
Type: Error
Message: Call to undefined function App\Utils\validate_ip()
File: /Users/xie/workspace/ss-panel-daiedaie/app/Utils/ClientIP.php
Line: 104
Trace: #0 /Users/xie/workspace/ss-panel-daiedaie/app/Controllers/HomeController.php(70): App\Utils\ClientIP::getClientAddress()
#1 [internal function]: App\Controllers\HomeController->ip(Object(Slim\Http\Request), Object(Slim\Http\Response), Array)
#2 /Users/xie/workspace/ss-panel-daiedaie/vendor/slim/slim/Slim/Handlers/Strategies/RequestResponse.php(41): call_user_func(Array, Object(Slim\Http\Request), Object(Slim\Http\Response), Array)
#3 /Users/xie/workspace/ss-panel-daiedaie/vendor/slim/slim/Slim/Route.php(325): Slim\Handlers\Strategies\RequestResponse->__invoke(Array, Object(Slim\Http\Request), Object(Slim\Http\Response), Array)
#4 /Users/xie/workspace/ss-panel-daiedaie/vendor/slim/slim/Slim/MiddlewareAwareTrait.php(116): Slim\Route->__invoke(Object(Slim\Http\Request), Object(Slim\Http\Response))
#5 /Users/xie/workspace/ss-panel-daiedaie/vendor/slim/slim/Slim/Route.php(297): Slim\Route->callMiddlewareStack(Object(Slim\Http\Request), Object(Slim\Http\Response))
#6 /Users/xie/workspace/ss-panel-daiedaie/vendor/slim/slim/Slim/App.php(443): Slim\Route->run(Object(Slim\Http\Request), Object(Slim\Http\Response))
#7 /Users/xie/workspace/ss-panel-daiedaie/vendor/zeuxisoo/slim-whoops/src/Zeuxisoo/Whoops/Provider/Slim/WhoopsMiddleware.php(62): Slim\App->__invoke(Object(Slim\Http\Request), Object(Slim\Http\Response))
#8 [internal function]: Zeuxisoo\Whoops\Provider\Slim\WhoopsMiddleware->__invoke(Object(Slim\Http\Request), Object(Slim\Http\Response), Object(Slim\App))
#9 /Users/xie/workspace/ss-panel-daiedaie/vendor/slim/slim/Slim/DeferredCallable.php(37): call_user_func_array(Object(Zeuxisoo\Whoops\Provider\Slim\WhoopsMiddleware), Array)
#10 [internal function]: Slim\DeferredCallable->__invoke(Object(Slim\Http\Request), Object(Slim\Http\Response), Object(Slim\App))
#11 /Users/xie/workspace/ss-panel-daiedaie/vendor/slim/slim/Slim/MiddlewareAwareTrait.php(67): call_user_func(Object(Slim\DeferredCallable), Object(Slim\Http\Request), Object(Slim\Http\Response), Object(Slim\App))
#12 /Users/xie/workspace/ss-panel-daiedaie/vendor/slim/slim/Slim/MiddlewareAwareTrait.php(116): Slim\App->Slim\{closure}(Object(Slim\Http\Request), Object(Slim\Http\Response))
#13 /Users/xie/workspace/ss-panel-daiedaie/vendor/slim/slim/Slim/App.php(337): Slim\App->callMiddlewareStack(Object(Slim\Http\Request), Object(Slim\Http\Response))
#14 /Users/xie/workspace/ss-panel-daiedaie/vendor/slim/slim/Slim/App.php(298): Slim\App->process(Object(Slim\Http\Request), Object(Slim\Http\Response))
#15 /Users/xie/workspace/ss-panel-daiedaie/public/index.php(13): Slim\App->run()
#16 {main}
View in rendered output by enabling the "displayErrorDetails" setting.

[08-Oct-2017 23:54:33 PRC] 127.0.0.1
[09-Oct-2017 00:08:09 PRC] Slim Application Error:
Type: Error
Message: Call to undefined function App\Utils\validate_ip()
File: /Users/xie/workspace/ss-panel-daiedaie/app/Utils/ClientIP.php
Line: 103
Trace: #0 /Users/xie/workspace/ss-panel-daiedaie/app/Controllers/HomeController.php(70): App\Utils\ClientIP::getClientAddress()
#1 [internal function]: App\Controllers\HomeController->ip(Object(Slim\Http\Request), Object(Slim\Http\Response), Array)
#2 /Users/xie/workspace/ss-panel-daiedaie/vendor/slim/slim/Slim/Handlers/Strategies/RequestResponse.php(41): call_user_func(Array, Object(Slim\Http\Request), Object(Slim\Http\Response), Array)
#3 /Users/xie/workspace/ss-panel-daiedaie/vendor/slim/slim/Slim/Route.php(325): Slim\Handlers\Strategies\RequestResponse->__invoke(Array, Object(Slim\Http\Request), Object(Slim\Http\Response), Array)
#4 /Users/xie/workspace/ss-panel-daiedaie/vendor/slim/slim/Slim/MiddlewareAwareTrait.php(116): Slim\Route->__invoke(Object(Slim\Http\Request), Object(Slim\Http\Response))
#5 /Users/xie/workspace/ss-panel-daiedaie/vendor/slim/slim/Slim/Route.php(297): Slim\Route->callMiddlewareStack(Object(Slim\Http\Request), Object(Slim\Http\Response))
#6 /Users/xie/workspace/ss-panel-daiedaie/vendor/slim/slim/Slim/App.php(443): Slim\Route->run(Object(Slim\Http\Request), Object(Slim\Http\Response))
#7 /Users/xie/workspace/ss-panel-daiedaie/vendor/zeuxisoo/slim-whoops/src/Zeuxisoo/Whoops/Provider/Slim/WhoopsMiddleware.php(62): Slim\App->__invoke(Object(Slim\Http\Request), Object(Slim\Http\Response))
#8 [internal function]: Zeuxisoo\Whoops\Provider\Slim\WhoopsMiddleware->__invoke(Object(Slim\Http\Request), Object(Slim\Http\Response), Object(Slim\App))
#9 /Users/xie/workspace/ss-panel-daiedaie/vendor/slim/slim/Slim/DeferredCallable.php(37): call_user_func_array(Object(Zeuxisoo\Whoops\Provider\Slim\WhoopsMiddleware), Array)
#10 [internal function]: Slim\DeferredCallable->__invoke(Object(Slim\Http\Request), Object(Slim\Http\Response), Object(Slim\App))
#11 /Users/xie/workspace/ss-panel-daiedaie/vendor/slim/slim/Slim/MiddlewareAwareTrait.php(67): call_user_func(Object(Slim\DeferredCallable), Object(Slim\Http\Request), Object(Slim\Http\Response), Object(Slim\App))
#12 /Users/xie/workspace/ss-panel-daiedaie/vendor/slim/slim/Slim/MiddlewareAwareTrait.php(116): Slim\App->Slim\{closure}(Object(Slim\Http\Request), Object(Slim\Http\Response))
#13 /Users/xie/workspace/ss-panel-daiedaie/vendor/slim/slim/Slim/App.php(337): Slim\App->callMiddlewareStack(Object(Slim\Http\Request), Object(Slim\Http\Response))
#14 /Users/xie/workspace/ss-panel-daiedaie/vendor/slim/slim/Slim/App.php(298): Slim\App->process(Object(Slim\Http\Request), Object(Slim\Http\Response))
#15 /Users/xie/workspace/ss-panel-daiedaie/public/index.php(13): Slim\App->run()
#16 {main}
View in rendered output by enabling the "displayErrorDetails" setting.

[09-Oct-2017 00:08:21 PRC] Slim Application Error:
Type: Error
Message: Call to undefined function App\Utils\validate_ip()
File: /Users/xie/workspace/ss-panel-daiedaie/app/Utils/ClientIP.php
Line: 103
Trace: #0 /Users/xie/workspace/ss-panel-daiedaie/app/Controllers/HomeController.php(70): App\Utils\ClientIP::getClientAddress()
#1 [internal function]: App\Controllers\HomeController->ip(Object(Slim\Http\Request), Object(Slim\Http\Response), Array)
#2 /Users/xie/workspace/ss-panel-daiedaie/vendor/slim/slim/Slim/Handlers/Strategies/RequestResponse.php(41): call_user_func(Array, Object(Slim\Http\Request), Object(Slim\Http\Response), Array)
#3 /Users/xie/workspace/ss-panel-daiedaie/vendor/slim/slim/Slim/Route.php(325): Slim\Handlers\Strategies\RequestResponse->__invoke(Array, Object(Slim\Http\Request), Object(Slim\Http\Response), Array)
#4 /Users/xie/workspace/ss-panel-daiedaie/vendor/slim/slim/Slim/MiddlewareAwareTrait.php(116): Slim\Route->__invoke(Object(Slim\Http\Request), Object(Slim\Http\Response))
#5 /Users/xie/workspace/ss-panel-daiedaie/vendor/slim/slim/Slim/Route.php(297): Slim\Route->callMiddlewareStack(Object(Slim\Http\Request), Object(Slim\Http\Response))
#6 /Users/xie/workspace/ss-panel-daiedaie/vendor/slim/slim/Slim/App.php(443): Slim\Route->run(Object(Slim\Http\Request), Object(Slim\Http\Response))
#7 /Users/xie/workspace/ss-panel-daiedaie/vendor/zeuxisoo/slim-whoops/src/Zeuxisoo/Whoops/Provider/Slim/WhoopsMiddleware.php(62): Slim\App->__invoke(Object(Slim\Http\Request), Object(Slim\Http\Response))
#8 [internal function]: Zeuxisoo\Whoops\Provider\Slim\WhoopsMiddleware->__invoke(Object(Slim\Http\Request), Object(Slim\Http\Response), Object(Slim\App))
#9 /Users/xie/workspace/ss-panel-daiedaie/vendor/slim/slim/Slim/DeferredCallable.php(37): call_user_func_array(Object(Zeuxisoo\Whoops\Provider\Slim\WhoopsMiddleware), Array)
#10 [internal function]: Slim\DeferredCallable->__invoke(Object(Slim\Http\Request), Object(Slim\Http\Response), Object(Slim\App))
#11 /Users/xie/workspace/ss-panel-daiedaie/vendor/slim/slim/Slim/MiddlewareAwareTrait.php(67): call_user_func(Object(Slim\DeferredCallable), Object(Slim\Http\Request), Object(Slim\Http\Response), Object(Slim\App))
#12 /Users/xie/workspace/ss-panel-daiedaie/vendor/slim/slim/Slim/MiddlewareAwareTrait.php(116): Slim\App->Slim\{closure}(Object(Slim\Http\Request), Object(Slim\Http\Response))
#13 /Users/xie/workspace/ss-panel-daiedaie/vendor/slim/slim/Slim/App.php(337): Slim\App->callMiddlewareStack(Object(Slim\Http\Request), Object(Slim\Http\Response))
#14 /Users/xie/workspace/ss-panel-daiedaie/vendor/slim/slim/Slim/App.php(298): Slim\App->process(Object(Slim\Http\Request), Object(Slim\Http\Response))
#15 /Users/xie/workspace/ss-panel-daiedaie/public/index.php(13): Slim\App->run()
#16 {main}
View in rendered output by enabling the "displayErrorDetails" setting.

[09-Oct-2017 00:08:58 PRC] Slim Application Error:
Type: Error
Message: Call to undefined function App\Utils\validate_ip()
File: /Users/xie/workspace/ss-panel-daiedaie/app/Utils/ClientIP.php
Line: 103
Trace: #0 /Users/xie/workspace/ss-panel-daiedaie/app/Controllers/HomeController.php(70): App\Utils\ClientIP::getClientAddress()
#1 [internal function]: App\Controllers\HomeController->ip(Object(Slim\Http\Request), Object(Slim\Http\Response), Array)
#2 /Users/xie/workspace/ss-panel-daiedaie/vendor/slim/slim/Slim/Handlers/Strategies/RequestResponse.php(41): call_user_func(Array, Object(Slim\Http\Request), Object(Slim\Http\Response), Array)
#3 /Users/xie/workspace/ss-panel-daiedaie/vendor/slim/slim/Slim/Route.php(325): Slim\Handlers\Strategies\RequestResponse->__invoke(Array, Object(Slim\Http\Request), Object(Slim\Http\Response), Array)
#4 /Users/xie/workspace/ss-panel-daiedaie/vendor/slim/slim/Slim/MiddlewareAwareTrait.php(116): Slim\Route->__invoke(Object(Slim\Http\Request), Object(Slim\Http\Response))
#5 /Users/xie/workspace/ss-panel-daiedaie/vendor/slim/slim/Slim/Route.php(297): Slim\Route->callMiddlewareStack(Object(Slim\Http\Request), Object(Slim\Http\Response))
#6 /Users/xie/workspace/ss-panel-daiedaie/vendor/slim/slim/Slim/App.php(443): Slim\Route->run(Object(Slim\Http\Request), Object(Slim\Http\Response))
#7 /Users/xie/workspace/ss-panel-daiedaie/vendor/zeuxisoo/slim-whoops/src/Zeuxisoo/Whoops/Provider/Slim/WhoopsMiddleware.php(62): Slim\App->__invoke(Object(Slim\Http\Request), Object(Slim\Http\Response))
#8 [internal function]: Zeuxisoo\Whoops\Provider\Slim\WhoopsMiddleware->__invoke(Object(Slim\Http\Request), Object(Slim\Http\Response), Object(Slim\App))
#9 /Users/xie/workspace/ss-panel-daiedaie/vendor/slim/slim/Slim/DeferredCallable.php(37): call_user_func_array(Object(Zeuxisoo\Whoops\Provider\Slim\WhoopsMiddleware), Array)
#10 [internal function]: Slim\DeferredCallable->__invoke(Object(Slim\Http\Request), Object(Slim\Http\Response), Object(Slim\App))
#11 /Users/xie/workspace/ss-panel-daiedaie/vendor/slim/slim/Slim/MiddlewareAwareTrait.php(67): call_user_func(Object(Slim\DeferredCallable), Object(Slim\Http\Request), Object(Slim\Http\Response), Object(Slim\App))
#12 /Users/xie/workspace/ss-panel-daiedaie/vendor/slim/slim/Slim/MiddlewareAwareTrait.php(116): Slim\App->Slim\{closure}(Object(Slim\Http\Request), Object(Slim\Http\Response))
#13 /Users/xie/workspace/ss-panel-daiedaie/vendor/slim/slim/Slim/App.php(337): Slim\App->callMiddlewareStack(Object(Slim\Http\Request), Object(Slim\Http\Response))
#14 /Users/xie/workspace/ss-panel-daiedaie/vendor/slim/slim/Slim/App.php(298): Slim\App->process(Object(Slim\Http\Request), Object(Slim\Http\Response))
#15 /Users/xie/workspace/ss-panel-daiedaie/public/index.php(13): Slim\App->run()
#16 {main}
View in rendered output by enabling the "displayErrorDetails" setting.

[09-Oct-2017 00:10:22 PRC] Slim Application Error:
Type: Error
Message: Call to undefined function App\Utils\validate_ip()
File: /Users/xie/workspace/ss-panel-daiedaie/app/Utils/ClientIP.php
Line: 103
Trace: #0 /Users/xie/workspace/ss-panel-daiedaie/app/Controllers/HomeController.php(70): App\Utils\ClientIP::getClientAddress()
#1 [internal function]: App\Controllers\HomeController->ip(Object(Slim\Http\Request), Object(Slim\Http\Response), Array)
#2 /Users/xie/workspace/ss-panel-daiedaie/vendor/slim/slim/Slim/Handlers/Strategies/RequestResponse.php(41): call_user_func(Array, Object(Slim\Http\Request), Object(Slim\Http\Response), Array)
#3 /Users/xie/workspace/ss-panel-daiedaie/vendor/slim/slim/Slim/Route.php(325): Slim\Handlers\Strategies\RequestResponse->__invoke(Array, Object(Slim\Http\Request), Object(Slim\Http\Response), Array)
#4 /Users/xie/workspace/ss-panel-daiedaie/vendor/slim/slim/Slim/MiddlewareAwareTrait.php(116): Slim\Route->__invoke(Object(Slim\Http\Request), Object(Slim\Http\Response))
#5 /Users/xie/workspace/ss-panel-daiedaie/vendor/slim/slim/Slim/Route.php(297): Slim\Route->callMiddlewareStack(Object(Slim\Http\Request), Object(Slim\Http\Response))
#6 /Users/xie/workspace/ss-panel-daiedaie/vendor/slim/slim/Slim/App.php(443): Slim\Route->run(Object(Slim\Http\Request), Object(Slim\Http\Response))
#7 /Users/xie/workspace/ss-panel-daiedaie/vendor/zeuxisoo/slim-whoops/src/Zeuxisoo/Whoops/Provider/Slim/WhoopsMiddleware.php(62): Slim\App->__invoke(Object(Slim\Http\Request), Object(Slim\Http\Response))
#8 [internal function]: Zeuxisoo\Whoops\Provider\Slim\WhoopsMiddleware->__invoke(Object(Slim\Http\Request), Object(Slim\Http\Response), Object(Slim\App))
#9 /Users/xie/workspace/ss-panel-daiedaie/vendor/slim/slim/Slim/DeferredCallable.php(37): call_user_func_array(Object(Zeuxisoo\Whoops\Provider\Slim\WhoopsMiddleware), Array)
#10 [internal function]: Slim\DeferredCallable->__invoke(Object(Slim\Http\Request), Object(Slim\Http\Response), Object(Slim\App))
#11 /Users/xie/workspace/ss-panel-daiedaie/vendor/slim/slim/Slim/MiddlewareAwareTrait.php(67): call_user_func(Object(Slim\DeferredCallable), Object(Slim\Http\Request), Object(Slim\Http\Response), Object(Slim\App))
#12 /Users/xie/workspace/ss-panel-daiedaie/vendor/slim/slim/Slim/MiddlewareAwareTrait.php(116): Slim\App->Slim\{closure}(Object(Slim\Http\Request), Object(Slim\Http\Response))
#13 /Users/xie/workspace/ss-panel-daiedaie/vendor/slim/slim/Slim/App.php(337): Slim\App->callMiddlewareStack(Object(Slim\Http\Request), Object(Slim\Http\Response))
#14 /Users/xie/workspace/ss-panel-daiedaie/vendor/slim/slim/Slim/App.php(298): Slim\App->process(Object(Slim\Http\Request), Object(Slim\Http\Response))
#15 /Users/xie/workspace/ss-panel-daiedaie/public/index.php(13): Slim\App->run()
#16 {main}
View in rendered output by enabling the "displayErrorDetails" setting.

[09-Oct-2017 00:10:24 PRC] Slim Application Error:
Type: Error
Message: Call to undefined function App\Utils\validate_ip()
File: /Users/xie/workspace/ss-panel-daiedaie/app/Utils/ClientIP.php
Line: 103
Trace: #0 /Users/xie/workspace/ss-panel-daiedaie/app/Controllers/HomeController.php(70): App\Utils\ClientIP::getClientAddress()
#1 [internal function]: App\Controllers\HomeController->ip(Object(Slim\Http\Request), Object(Slim\Http\Response), Array)
#2 /Users/xie/workspace/ss-panel-daiedaie/vendor/slim/slim/Slim/Handlers/Strategies/RequestResponse.php(41): call_user_func(Array, Object(Slim\Http\Request), Object(Slim\Http\Response), Array)
#3 /Users/xie/workspace/ss-panel-daiedaie/vendor/slim/slim/Slim/Route.php(325): Slim\Handlers\Strategies\RequestResponse->__invoke(Array, Object(Slim\Http\Request), Object(Slim\Http\Response), Array)
#4 /Users/xie/workspace/ss-panel-daiedaie/vendor/slim/slim/Slim/MiddlewareAwareTrait.php(116): Slim\Route->__invoke(Object(Slim\Http\Request), Object(Slim\Http\Response))
#5 /Users/xie/workspace/ss-panel-daiedaie/vendor/slim/slim/Slim/Route.php(297): Slim\Route->callMiddlewareStack(Object(Slim\Http\Request), Object(Slim\Http\Response))
#6 /Users/xie/workspace/ss-panel-daiedaie/vendor/slim/slim/Slim/App.php(443): Slim\Route->run(Object(Slim\Http\Request), Object(Slim\Http\Response))
#7 /Users/xie/workspace/ss-panel-daiedaie/vendor/zeuxisoo/slim-whoops/src/Zeuxisoo/Whoops/Provider/Slim/WhoopsMiddleware.php(62): Slim\App->__invoke(Object(Slim\Http\Request), Object(Slim\Http\Response))
#8 [internal function]: Zeuxisoo\Whoops\Provider\Slim\WhoopsMiddleware->__invoke(Object(Slim\Http\Request), Object(Slim\Http\Response), Object(Slim\App))
#9 /Users/xie/workspace/ss-panel-daiedaie/vendor/slim/slim/Slim/DeferredCallable.php(37): call_user_func_array(Object(Zeuxisoo\Whoops\Provider\Slim\WhoopsMiddleware), Array)
#10 [internal function]: Slim\DeferredCallable->__invoke(Object(Slim\Http\Request), Object(Slim\Http\Response), Object(Slim\App))
#11 /Users/xie/workspace/ss-panel-daiedaie/vendor/slim/slim/Slim/MiddlewareAwareTrait.php(67): call_user_func(Object(Slim\DeferredCallable), Object(Slim\Http\Request), Object(Slim\Http\Response), Object(Slim\App))
#12 /Users/xie/workspace/ss-panel-daiedaie/vendor/slim/slim/Slim/MiddlewareAwareTrait.php(116): Slim\App->Slim\{closure}(Object(Slim\Http\Request), Object(Slim\Http\Response))
#13 /Users/xie/workspace/ss-panel-daiedaie/vendor/slim/slim/Slim/App.php(337): Slim\App->callMiddlewareStack(Object(Slim\Http\Request), Object(Slim\Http\Response))
#14 /Users/xie/workspace/ss-panel-daiedaie/vendor/slim/slim/Slim/App.php(298): Slim\App->process(Object(Slim\Http\Request), Object(Slim\Http\Response))
#15 /Users/xie/workspace/ss-panel-daiedaie/public/index.php(13): Slim\App->run()
#16 {main}
View in rendered output by enabling the "displayErrorDetails" setting.

[09-Oct-2017 00:10:57 PRC] Slim Application Error:
Type: Error
Message: Call to undefined function App\Utils\isValidClientAddress()
File: /Users/xie/workspace/ss-panel-daiedaie/app/Utils/ClientIP.php
Line: 103
Trace: #0 /Users/xie/workspace/ss-panel-daiedaie/app/Controllers/HomeController.php(70): App\Utils\ClientIP::getClientAddress()
#1 [internal function]: App\Controllers\HomeController->ip(Object(Slim\Http\Request), Object(Slim\Http\Response), Array)
#2 /Users/xie/workspace/ss-panel-daiedaie/vendor/slim/slim/Slim/Handlers/Strategies/RequestResponse.php(41): call_user_func(Array, Object(Slim\Http\Request), Object(Slim\Http\Response), Array)
#3 /Users/xie/workspace/ss-panel-daiedaie/vendor/slim/slim/Slim/Route.php(325): Slim\Handlers\Strategies\RequestResponse->__invoke(Array, Object(Slim\Http\Request), Object(Slim\Http\Response), Array)
#4 /Users/xie/workspace/ss-panel-daiedaie/vendor/slim/slim/Slim/MiddlewareAwareTrait.php(116): Slim\Route->__invoke(Object(Slim\Http\Request), Object(Slim\Http\Response))
#5 /Users/xie/workspace/ss-panel-daiedaie/vendor/slim/slim/Slim/Route.php(297): Slim\Route->callMiddlewareStack(Object(Slim\Http\Request), Object(Slim\Http\Response))
#6 /Users/xie/workspace/ss-panel-daiedaie/vendor/slim/slim/Slim/App.php(443): Slim\Route->run(Object(Slim\Http\Request), Object(Slim\Http\Response))
#7 /Users/xie/workspace/ss-panel-daiedaie/vendor/zeuxisoo/slim-whoops/src/Zeuxisoo/Whoops/Provider/Slim/WhoopsMiddleware.php(62): Slim\App->__invoke(Object(Slim\Http\Request), Object(Slim\Http\Response))
#8 [internal function]: Zeuxisoo\Whoops\Provider\Slim\WhoopsMiddleware->__invoke(Object(Slim\Http\Request), Object(Slim\Http\Response), Object(Slim\App))
#9 /Users/xie/workspace/ss-panel-daiedaie/vendor/slim/slim/Slim/DeferredCallable.php(37): call_user_func_array(Object(Zeuxisoo\Whoops\Provider\Slim\WhoopsMiddleware), Array)
#10 [internal function]: Slim\DeferredCallable->__invoke(Object(Slim\Http\Request), Object(Slim\Http\Response), Object(Slim\App))
#11 /Users/xie/workspace/ss-panel-daiedaie/vendor/slim/slim/Slim/MiddlewareAwareTrait.php(67): call_user_func(Object(Slim\DeferredCallable), Object(Slim\Http\Request), Object(Slim\Http\Response), Object(Slim\App))
#12 /Users/xie/workspace/ss-panel-daiedaie/vendor/slim/slim/Slim/MiddlewareAwareTrait.php(116): Slim\App->Slim\{closure}(Object(Slim\Http\Request), Object(Slim\Http\Response))
#13 /Users/xie/workspace/ss-panel-daiedaie/vendor/slim/slim/Slim/App.php(337): Slim\App->callMiddlewareStack(Object(Slim\Http\Request), Object(Slim\Http\Response))
#14 /Users/xie/workspace/ss-panel-daiedaie/vendor/slim/slim/Slim/App.php(298): Slim\App->process(Object(Slim\Http\Request), Object(Slim\Http\Response))
#15 /Users/xie/workspace/ss-panel-daiedaie/public/index.php(13): Slim\App->run()
#16 {main}
View in rendered output by enabling the "displayErrorDetails" setting.

[09-Oct-2017 00:14:00 PRC] Slim Application Error:
Type: ParseError
Message: syntax error, unexpected '::' (T_PAAMAYIM_NEKUDOTAYIM), expecting '('
File: /Users/xie/workspace/ss-panel-daiedaie/app/Utils/ClientIP.php
Line: 47
Trace: #0 /Users/xie/workspace/ss-panel-daiedaie/vendor/composer/ClassLoader.php(322): Composer\Autoload\includeFile('/Users/xie/work...')
#1 [internal function]: Composer\Autoload\ClassLoader->loadClass('App\\Utils\\Clien...')
#2 /Users/xie/workspace/ss-panel-daiedaie/app/Controllers/HomeController.php(70): spl_autoload_call('App\\Utils\\Clien...')
#3 [internal function]: App\Controllers\HomeController->ip(Object(Slim\Http\Request), Object(Slim\Http\Response), Array)
#4 /Users/xie/workspace/ss-panel-daiedaie/vendor/slim/slim/Slim/Handlers/Strategies/RequestResponse.php(41): call_user_func(Array, Object(Slim\Http\Request), Object(Slim\Http\Response), Array)
#5 /Users/xie/workspace/ss-panel-daiedaie/vendor/slim/slim/Slim/Route.php(325): Slim\Handlers\Strategies\RequestResponse->__invoke(Array, Object(Slim\Http\Request), Object(Slim\Http\Response), Array)
#6 /Users/xie/workspace/ss-panel-daiedaie/vendor/slim/slim/Slim/MiddlewareAwareTrait.php(116): Slim\Route->__invoke(Object(Slim\Http\Request), Object(Slim\Http\Response))
#7 /Users/xie/workspace/ss-panel-daiedaie/vendor/slim/slim/Slim/Route.php(297): Slim\Route->callMiddlewareStack(Object(Slim\Http\Request), Object(Slim\Http\Response))
#8 /Users/xie/workspace/ss-panel-daiedaie/vendor/slim/slim/Slim/App.php(443): Slim\Route->run(Object(Slim\Http\Request), Object(Slim\Http\Response))
#9 /Users/xie/workspace/ss-panel-daiedaie/vendor/zeuxisoo/slim-whoops/src/Zeuxisoo/Whoops/Provider/Slim/WhoopsMiddleware.php(62): Slim\App->__invoke(Object(Slim\Http\Request), Object(Slim\Http\Response))
#10 [internal function]: Zeuxisoo\Whoops\Provider\Slim\WhoopsMiddleware->__invoke(Object(Slim\Http\Request), Object(Slim\Http\Response), Object(Slim\App))
#11 /Users/xie/workspace/ss-panel-daiedaie/vendor/slim/slim/Slim/DeferredCallable.php(37): call_user_func_array(Object(Zeuxisoo\Whoops\Provider\Slim\WhoopsMiddleware), Array)
#12 [internal function]: Slim\DeferredCallable->__invoke(Object(Slim\Http\Request), Object(Slim\Http\Response), Object(Slim\App))
#13 /Users/xie/workspace/ss-panel-daiedaie/vendor/slim/slim/Slim/MiddlewareAwareTrait.php(67): call_user_func(Object(Slim\DeferredCallable), Object(Slim\Http\Request), Object(Slim\Http\Response), Object(Slim\App))
#14 /Users/xie/workspace/ss-panel-daiedaie/vendor/slim/slim/Slim/MiddlewareAwareTrait.php(116): Slim\App->Slim\{closure}(Object(Slim\Http\Request), Object(Slim\Http\Response))
#15 /Users/xie/workspace/ss-panel-daiedaie/vendor/slim/slim/Slim/App.php(337): Slim\App->callMiddlewareStack(Object(Slim\Http\Request), Object(Slim\Http\Response))
#16 /Users/xie/workspace/ss-panel-daiedaie/vendor/slim/slim/Slim/App.php(298): Slim\App->process(Object(Slim\Http\Request), Object(Slim\Http\Response))
#17 /Users/xie/workspace/ss-panel-daiedaie/public/index.php(13): Slim\App->run()
#18 {main}
View in rendered output by enabling the "displayErrorDetails" setting.

[09-Oct-2017 00:14:49 PRC] Slim Application Error:
Type: Error
Message: Using $this when not in object context
File: /Users/xie/workspace/ss-panel-daiedaie/app/Utils/ClientIP.php
Line: 103
Trace: #0 /Users/xie/workspace/ss-panel-daiedaie/app/Controllers/HomeController.php(70): App\Utils\ClientIP::getClientAddress()
#1 [internal function]: App\Controllers\HomeController->ip(Object(Slim\Http\Request), Object(Slim\Http\Response), Array)
#2 /Users/xie/workspace/ss-panel-daiedaie/vendor/slim/slim/Slim/Handlers/Strategies/RequestResponse.php(41): call_user_func(Array, Object(Slim\Http\Request), Object(Slim\Http\Response), Array)
#3 /Users/xie/workspace/ss-panel-daiedaie/vendor/slim/slim/Slim/Route.php(325): Slim\Handlers\Strategies\RequestResponse->__invoke(Array, Object(Slim\Http\Request), Object(Slim\Http\Response), Array)
#4 /Users/xie/workspace/ss-panel-daiedaie/vendor/slim/slim/Slim/MiddlewareAwareTrait.php(116): Slim\Route->__invoke(Object(Slim\Http\Request), Object(Slim\Http\Response))
#5 /Users/xie/workspace/ss-panel-daiedaie/vendor/slim/slim/Slim/Route.php(297): Slim\Route->callMiddlewareStack(Object(Slim\Http\Request), Object(Slim\Http\Response))
#6 /Users/xie/workspace/ss-panel-daiedaie/vendor/slim/slim/Slim/App.php(443): Slim\Route->run(Object(Slim\Http\Request), Object(Slim\Http\Response))
#7 /Users/xie/workspace/ss-panel-daiedaie/vendor/zeuxisoo/slim-whoops/src/Zeuxisoo/Whoops/Provider/Slim/WhoopsMiddleware.php(62): Slim\App->__invoke(Object(Slim\Http\Request), Object(Slim\Http\Response))
#8 [internal function]: Zeuxisoo\Whoops\Provider\Slim\WhoopsMiddleware->__invoke(Object(Slim\Http\Request), Object(Slim\Http\Response), Object(Slim\App))
#9 /Users/xie/workspace/ss-panel-daiedaie/vendor/slim/slim/Slim/DeferredCallable.php(37): call_user_func_array(Object(Zeuxisoo\Whoops\Provider\Slim\WhoopsMiddleware), Array)
#10 [internal function]: Slim\DeferredCallable->__invoke(Object(Slim\Http\Request), Object(Slim\Http\Response), Object(Slim\App))
#11 /Users/xie/workspace/ss-panel-daiedaie/vendor/slim/slim/Slim/MiddlewareAwareTrait.php(67): call_user_func(Object(Slim\DeferredCallable), Object(Slim\Http\Request), Object(Slim\Http\Response), Object(Slim\App))
#12 /Users/xie/workspace/ss-panel-daiedaie/vendor/slim/slim/Slim/MiddlewareAwareTrait.php(116): Slim\App->Slim\{closure}(Object(Slim\Http\Request), Object(Slim\Http\Response))
#13 /Users/xie/workspace/ss-panel-daiedaie/vendor/slim/slim/Slim/App.php(337): Slim\App->callMiddlewareStack(Object(Slim\Http\Request), Object(Slim\Http\Response))
#14 /Users/xie/workspace/ss-panel-daiedaie/vendor/slim/slim/Slim/App.php(298): Slim\App->process(Object(Slim\Http\Request), Object(Slim\Http\Response))
#15 /Users/xie/workspace/ss-panel-daiedaie/public/index.php(13): Slim\App->run()
#16 {main}
View in rendered output by enabling the "displayErrorDetails" setting.

[10-Oct-2017 22:56:56 PRC] HTTP/1.1 302 Found
Content-Type: text/html; charset=UTF-8
Location: /auth/login


[10-Oct-2017 23:00:03 PRC] 
[10-Oct-2017 23:00:03 PRC] HTTP/1.1 302 Found
Content-Type: text/html; charset=UTF-8
Location: /auth/login


[11-Oct-2017 00:22:32 PRC] Slim Application Error:
Type: Error
Message: Cannot access private property App\Services\Mail\Smtp::$mail
File: /Users/xie/workspace/ss-panel-daiedaie/app/Services/Mail.php
Line: 71
Trace: #0 /Users/xie/workspace/ss-panel-daiedaie/app/Controllers/Admin/TestController.php(24): App\Services\Mail::send('daiedaie@163.co...', 'Test', 'test.tpl', Array, Array)
#1 [internal function]: App\Controllers\Admin\TestController->sendMailPost(Object(Slim\Http\Request), Object(Slim\Http\Response), Array)
#2 /Users/xie/workspace/ss-panel-daiedaie/vendor/slim/slim/Slim/Handlers/Strategies/RequestResponse.php(41): call_user_func(Array, Object(Slim\Http\Request), Object(Slim\Http\Response), Array)
#3 /Users/xie/workspace/ss-panel-daiedaie/vendor/slim/slim/Slim/Route.php(325): Slim\Handlers\Strategies\RequestResponse->__invoke(Array, Object(Slim\Http\Request), Object(Slim\Http\Response), Array)
#4 /Users/xie/workspace/ss-panel-daiedaie/app/Middleware/Admin.php(29): Slim\Route->__invoke(Object(Slim\Http\Request), Object(Slim\Http\Response))
#5 [internal function]: App\Middleware\Admin->__invoke(Object(Slim\Http\Request), Object(Slim\Http\Response), Object(Slim\Route))
#6 /Users/xie/workspace/ss-panel-daiedaie/vendor/slim/slim/Slim/DeferredCallable.php(37): call_user_func_array(Object(App\Middleware\Admin), Array)
#7 [internal function]: Slim\DeferredCallable->__invoke(Object(Slim\Http\Request), Object(Slim\Http\Response), Object(Slim\Route))
#8 /Users/xie/workspace/ss-panel-daiedaie/vendor/slim/slim/Slim/MiddlewareAwareTrait.php(67): call_user_func(Object(Slim\DeferredCallable), Object(Slim\Http\Request), Object(Slim\Http\Response), Object(Slim\Route))
#9 /Users/xie/workspace/ss-panel-daiedaie/vendor/slim/slim/Slim/MiddlewareAwareTrait.php(116): Slim\Route->Slim\{closure}(Object(Slim\Http\Request), Object(Slim\Http\Response))
#10 /Users/xie/workspace/ss-panel-daiedaie/vendor/slim/slim/Slim/Route.php(297): Slim\Route->callMiddlewareStack(Object(Slim\Http\Request), Object(Slim\Http\Response))
#11 /Users/xie/workspace/ss-panel-daiedaie/vendor/slim/slim/Slim/App.php(443): Slim\Route->run(Object(Slim\Http\Request), Object(Slim\Http\Response))
#12 /Users/xie/workspace/ss-panel-daiedaie/vendor/zeuxisoo/slim-whoops/src/Zeuxisoo/Whoops/Provider/Slim/WhoopsMiddleware.php(62): Slim\App->__invoke(Object(Slim\Http\Request), Object(Slim\Http\Response))
#13 [internal function]: Zeuxisoo\Whoops\Provider\Slim\WhoopsMiddleware->__invoke(Object(Slim\Http\Request), Object(Slim\Http\Response), Object(Slim\App))
#14 /Users/xie/workspace/ss-panel-daiedaie/vendor/slim/slim/Slim/DeferredCallable.php(37): call_user_func_array(Object(Zeuxisoo\Whoops\Provider\Slim\WhoopsMiddleware), Array)
#15 [internal function]: Slim\DeferredCallable->__invoke(Object(Slim\Http\Request), Object(Slim\Http\Response), Object(Slim\App))
#16 /Users/xie/workspace/ss-panel-daiedaie/vendor/slim/slim/Slim/MiddlewareAwareTrait.php(67): call_user_func(Object(Slim\DeferredCallable), Object(Slim\Http\Request), Object(Slim\Http\Response), Object(Slim\App))
#17 /Users/xie/workspace/ss-panel-daiedaie/vendor/slim/slim/Slim/MiddlewareAwareTrait.php(116): Slim\App->Slim\{closure}(Object(Slim\Http\Request), Object(Slim\Http\Response))
#18 /Users/xie/workspace/ss-panel-daiedaie/vendor/slim/slim/Slim/App.php(337): Slim\App->callMiddlewareStack(Object(Slim\Http\Request), Object(Slim\Http\Response))
#19 /Users/xie/workspace/ss-panel-daiedaie/vendor/slim/slim/Slim/App.php(298): Slim\App->process(Object(Slim\Http\Request), Object(Slim\Http\Response))
#20 /Users/xie/workspace/ss-panel-daiedaie/public/index.php(13): Slim\App->run()
#21 {main}
View in rendered output by enabling the "displayErrorDetails" setting.

[11-Oct-2017 00:26:49 PRC] Slim Application Error:
Type: Error
Message: Cannot access private property App\Services\Mail\Smtp::$mail
File: /Users/xie/workspace/ss-panel-daiedaie/app/Services/Mail.php
Line: 71
Trace: #0 /Users/xie/workspace/ss-panel-daiedaie/app/Controllers/Admin/TestController.php(24): App\Services\Mail::send('daiedaie@163.co...', 'Test', 'test.tpl', Array, Array)
#1 [internal function]: App\Controllers\Admin\TestController->sendMailPost(Object(Slim\Http\Request), Object(Slim\Http\Response), Array)
#2 /Users/xie/workspace/ss-panel-daiedaie/vendor/slim/slim/Slim/Handlers/Strategies/RequestResponse.php(41): call_user_func(Array, Object(Slim\Http\Request), Object(Slim\Http\Response), Array)
#3 /Users/xie/workspace/ss-panel-daiedaie/vendor/slim/slim/Slim/Route.php(325): Slim\Handlers\Strategies\RequestResponse->__invoke(Array, Object(Slim\Http\Request), Object(Slim\Http\Response), Array)
#4 /Users/xie/workspace/ss-panel-daiedaie/app/Middleware/Admin.php(29): Slim\Route->__invoke(Object(Slim\Http\Request), Object(Slim\Http\Response))
#5 [internal function]: App\Middleware\Admin->__invoke(Object(Slim\Http\Request), Object(Slim\Http\Response), Object(Slim\Route))
#6 /Users/xie/workspace/ss-panel-daiedaie/vendor/slim/slim/Slim/DeferredCallable.php(37): call_user_func_array(Object(App\Middleware\Admin), Array)
#7 [internal function]: Slim\DeferredCallable->__invoke(Object(Slim\Http\Request), Object(Slim\Http\Response), Object(Slim\Route))
#8 /Users/xie/workspace/ss-panel-daiedaie/vendor/slim/slim/Slim/MiddlewareAwareTrait.php(67): call_user_func(Object(Slim\DeferredCallable), Object(Slim\Http\Request), Object(Slim\Http\Response), Object(Slim\Route))
#9 /Users/xie/workspace/ss-panel-daiedaie/vendor/slim/slim/Slim/MiddlewareAwareTrait.php(116): Slim\Route->Slim\{closure}(Object(Slim\Http\Request), Object(Slim\Http\Response))
#10 /Users/xie/workspace/ss-panel-daiedaie/vendor/slim/slim/Slim/Route.php(297): Slim\Route->callMiddlewareStack(Object(Slim\Http\Request), Object(Slim\Http\Response))
#11 /Users/xie/workspace/ss-panel-daiedaie/vendor/slim/slim/Slim/App.php(443): Slim\Route->run(Object(Slim\Http\Request), Object(Slim\Http\Response))
#12 /Users/xie/workspace/ss-panel-daiedaie/vendor/zeuxisoo/slim-whoops/src/Zeuxisoo/Whoops/Provider/Slim/WhoopsMiddleware.php(62): Slim\App->__invoke(Object(Slim\Http\Request), Object(Slim\Http\Response))
#13 [internal function]: Zeuxisoo\Whoops\Provider\Slim\WhoopsMiddleware->__invoke(Object(Slim\Http\Request), Object(Slim\Http\Response), Object(Slim\App))
#14 /Users/xie/workspace/ss-panel-daiedaie/vendor/slim/slim/Slim/DeferredCallable.php(37): call_user_func_array(Object(Zeuxisoo\Whoops\Provider\Slim\WhoopsMiddleware), Array)
#15 [internal function]: Slim\DeferredCallable->__invoke(Object(Slim\Http\Request), Object(Slim\Http\Response), Object(Slim\App))
#16 /Users/xie/workspace/ss-panel-daiedaie/vendor/slim/slim/Slim/MiddlewareAwareTrait.php(67): call_user_func(Object(Slim\DeferredCallable), Object(Slim\Http\Request), Object(Slim\Http\Response), Object(Slim\App))
#17 /Users/xie/workspace/ss-panel-daiedaie/vendor/slim/slim/Slim/MiddlewareAwareTrait.php(116): Slim\App->Slim\{closure}(Object(Slim\Http\Request), Object(Slim\Http\Response))
#18 /Users/xie/workspace/ss-panel-daiedaie/vendor/slim/slim/Slim/App.php(337): Slim\App->callMiddlewareStack(Object(Slim\Http\Request), Object(Slim\Http\Response))
#19 /Users/xie/workspace/ss-panel-daiedaie/vendor/slim/slim/Slim/App.php(298): Slim\App->process(Object(Slim\Http\Request), Object(Slim\Http\Response))
#20 /Users/xie/workspace/ss-panel-daiedaie/public/index.php(13): Slim\App->run()
#21 {main}
View in rendered output by enabling the "displayErrorDetails" setting.

[11-Oct-2017 00:27:36 PRC] Slim Application Error:
Type: Error
Message: Cannot access private property App\Services\Mail\Smtp::$mail
File: /Users/xie/workspace/ss-panel-daiedaie/app/Services/Mail.php
Line: 71
Trace: #0 /Users/xie/workspace/ss-panel-daiedaie/app/Controllers/Admin/TestController.php(24): App\Services\Mail::send('daiedaie@163.co...', 'Test', 'test.tpl', Array, Array)
#1 [internal function]: App\Controllers\Admin\TestController->sendMailPost(Object(Slim\Http\Request), Object(Slim\Http\Response), Array)
#2 /Users/xie/workspace/ss-panel-daiedaie/vendor/slim/slim/Slim/Handlers/Strategies/RequestResponse.php(41): call_user_func(Array, Object(Slim\Http\Request), Object(Slim\Http\Response), Array)
#3 /Users/xie/workspace/ss-panel-daiedaie/vendor/slim/slim/Slim/Route.php(325): Slim\Handlers\Strategies\RequestResponse->__invoke(Array, Object(Slim\Http\Request), Object(Slim\Http\Response), Array)
#4 /Users/xie/workspace/ss-panel-daiedaie/app/Middleware/Admin.php(29): Slim\Route->__invoke(Object(Slim\Http\Request), Object(Slim\Http\Response))
#5 [internal function]: App\Middleware\Admin->__invoke(Object(Slim\Http\Request), Object(Slim\Http\Response), Object(Slim\Route))
#6 /Users/xie/workspace/ss-panel-daiedaie/vendor/slim/slim/Slim/DeferredCallable.php(37): call_user_func_array(Object(App\Middleware\Admin), Array)
#7 [internal function]: Slim\DeferredCallable->__invoke(Object(Slim\Http\Request), Object(Slim\Http\Response), Object(Slim\Route))
#8 /Users/xie/workspace/ss-panel-daiedaie/vendor/slim/slim/Slim/MiddlewareAwareTrait.php(67): call_user_func(Object(Slim\DeferredCallable), Object(Slim\Http\Request), Object(Slim\Http\Response), Object(Slim\Route))
#9 /Users/xie/workspace/ss-panel-daiedaie/vendor/slim/slim/Slim/MiddlewareAwareTrait.php(116): Slim\Route->Slim\{closure}(Object(Slim\Http\Request), Object(Slim\Http\Response))
#10 /Users/xie/workspace/ss-panel-daiedaie/vendor/slim/slim/Slim/Route.php(297): Slim\Route->callMiddlewareStack(Object(Slim\Http\Request), Object(Slim\Http\Response))
#11 /Users/xie/workspace/ss-panel-daiedaie/vendor/slim/slim/Slim/App.php(443): Slim\Route->run(Object(Slim\Http\Request), Object(Slim\Http\Response))
#12 /Users/xie/workspace/ss-panel-daiedaie/vendor/zeuxisoo/slim-whoops/src/Zeuxisoo/Whoops/Provider/Slim/WhoopsMiddleware.php(62): Slim\App->__invoke(Object(Slim\Http\Request), Object(Slim\Http\Response))
#13 [internal function]: Zeuxisoo\Whoops\Provider\Slim\WhoopsMiddleware->__invoke(Object(Slim\Http\Request), Object(Slim\Http\Response), Object(Slim\App))
#14 /Users/xie/workspace/ss-panel-daiedaie/vendor/slim/slim/Slim/DeferredCallable.php(37): call_user_func_array(Object(Zeuxisoo\Whoops\Provider\Slim\WhoopsMiddleware), Array)
#15 [internal function]: Slim\DeferredCallable->__invoke(Object(Slim\Http\Request), Object(Slim\Http\Response), Object(Slim\App))
#16 /Users/xie/workspace/ss-panel-daiedaie/vendor/slim/slim/Slim/MiddlewareAwareTrait.php(67): call_user_func(Object(Slim\DeferredCallable), Object(Slim\Http\Request), Object(Slim\Http\Response), Object(Slim\App))
#17 /Users/xie/workspace/ss-panel-daiedaie/vendor/slim/slim/Slim/MiddlewareAwareTrait.php(116): Slim\App->Slim\{closure}(Object(Slim\Http\Request), Object(Slim\Http\Response))
#18 /Users/xie/workspace/ss-panel-daiedaie/vendor/slim/slim/Slim/App.php(337): Slim\App->callMiddlewareStack(Object(Slim\Http\Request), Object(Slim\Http\Response))
#19 /Users/xie/workspace/ss-panel-daiedaie/vendor/slim/slim/Slim/App.php(298): Slim\App->process(Object(Slim\Http\Request), Object(Slim\Http\Response))
#20 /Users/xie/workspace/ss-panel-daiedaie/public/index.php(13): Slim\App->run()
#21 {main}
View in rendered output by enabling the "displayErrorDetails" setting.

[11-Oct-2017 00:56:58 PRC] SMTP connect() failed. https://github.com/PHPMailer/PHPMailer/wiki/Troubleshooting
[11-Oct-2017 00:56:59 PRC] SMTP connect() failed. https://github.com/PHPMailer/PHPMailer/wiki/Troubleshooting
[11-Oct-2017 00:56:59 PRC] SMTP connect() failed. https://github.com/PHPMailer/PHPMailer/wiki/Troubleshooting
[11-Oct-2017 00:58:05 PRC] 发送失败SMTP connect() failed. https://github.com/PHPMailer/PHPMailer/wiki/Troubleshooting
[11-Oct-2017 01:05:42 PRC] 发送失败 SMTP connect() failed. https://github.com/PHPMailer/PHPMailer/wiki/Troubleshooting
[11-Oct-2017 01:05:43 PRC] 发送失败 SMTP connect() failed. https://github.com/PHPMailer/PHPMailer/wiki/Troubleshooting
[11-Oct-2017 01:19:09 PRC] 发送失败 The following From address failed: webmaster@digitalx.tk : MAIL FROM command failed,Mail from must equal authorized user
,553,SMTP server error: MAIL FROM command failed Detail: Mail from must equal authorized user
 SMTP code: 553SMTP server error: MAIL FROM command failed Detail: Mail from must equal authorized user
 SMTP code: 553
[11-Oct-2017 01:19:12 PRC] 发送失败 The following From address failed: webmaster@digitalx.tk : MAIL FROM command failed,Mail from must equal authorized user
,553,SMTP server error: MAIL FROM command failed Detail: Mail from must equal authorized user
 SMTP code: 553SMTP server error: MAIL FROM command failed Detail: Mail from must equal authorized user
 SMTP code: 553
[11-Oct-2017 01:19:13 PRC] 发送失败 The following From address failed: webmaster@digitalx.tk : MAIL FROM command failed,Mail from must equal authorized user
,553,SMTP server error: MAIL FROM command failed Detail: Mail from must equal authorized user
 SMTP code: 553SMTP server error: MAIL FROM command failed Detail: Mail from must equal authorized user
 SMTP code: 553
[11-Oct-2017 01:21:50 PRC] 9e5710a617dcfdf8c09282718c6ac7e6d7b20ce24f192b81206824cf1213dca2
[11-Oct-2017 01:21:50 PRC] HTTP/1.1 302 Found
Content-Type: text/html; charset=UTF-8
Location: /auth/login


[11-Oct-2017 01:23:02 PRC] 33c7f680ef9b8edf21af2e6de641ebdb11ad9e15cf94f45e0589893b1542e629
[11-Oct-2017 01:23:02 PRC] HTTP/1.1 302 Found
Content-Type: text/html; charset=UTF-8
Location: /auth/login


[11-Oct-2017 01:25:13 PRC] c1737ac17b6f00c4b76e3f73d76d419cb5d33b581b38cc0d41ed487a4551baf4
[11-Oct-2017 01:25:13 PRC] HTTP/1.1 302 Found
Content-Type: text/html; charset=UTF-8
Location: /auth/login


[11-Oct-2017 01:27:43 PRC] 3c8c41b4a0752821511cea1089095d4f5fb56391b6761cc064717283af46d218
[11-Oct-2017 01:27:43 PRC] HTTP/1.1 302 Found
Content-Type: text/html; charset=UTF-8
Location: /auth/login


